[699994,
 881776,
 209299,
 1436013,
 235972,
 1046795,
 1429147,
 1904551,
 587137,
 978550,
 289968,
 199641,
 865456,
 176392,
 1619203,
 862088,
 391898,
 1912738,
 471000,
 1566951,
 1471058,
 1494822,
 1278956,
 1370039,
 850400,
 1249379,
 1512949,
 534219,
 1042106,
 1373286,
 1751569,
 270953,
 1290792,
 1609895,
 1691293,
 1004673,
 600124,
 87059,
 256722,
 1765588,
 1341517,
 1109994,
 360388,
 802640,
 1436628,
 1930632,
 1718934,
 416021,
 55857,
 1206913,
 1304703,
 1501241,
 1474704,
 697408,
 1769008,
 1161993,
 553608,
 587431,
 1068460,
 1826954,
 763581,
 2359,
 1632508,
 1000258,
 22162,
 1395353,
 972935,
 18956,
 1262908,
 787399,
 1163473,
 1696370,
 671226,
 516479,
 1179588,
 1355881,
 628056,
 867252,
 774439,
 1207554,
 686518,
 1064715,
 703632,
 1162107,
 1882709,
 251729,
 971746,
 352953,
 1838293,
 1694841,
 917,
 890542,
 864939,
 352890,
 1439671,
 1849118,
 971896,
 867704,
 1807698,
 442654]
{'0x07739dfc55e8643960c7cf987d9258c087cab976': 1,
 '0x08c340f86f96b63e5c8d8b28a9e1eee750d3cf7b': 3,
 '0x0b5f261b9060259c16fa80cde329644f5e215c21': 2,
 '0x109eaa8e64f3d20f9294b8a563148cf1e3e1b7b5': 5,
 '0x15870af7a292ad698827182fdd11b083298a9990': 1,
 '0x15943e1951e0e3803cb62121315507fb5b054787': 1,
 '0x167d8b13698ffd8d6273532cdcbd0747e9f4cbb2': 2,
 '0x1ac8a6d59db3938ddbee19f4ec3ea8a0a771bf6e': 3,
 '0x1c496ed78215eac4978f02cca335ff3a358e1f35': 3,
 '0x2dd4c1a081f3ce58217bf12edd297361b17b9c97': 1,
 '0x47bbe214a4bc6bb2b2896eb280422af0c4198313': 1,
 '0x49d443d89da0712b1d608eeaedef2650ab8b2206': 1,
 '0x53d4298e9fd219759b8fbbc9ed04b99a8eca4889': 2,
 '0x562cd9d3e460bf542fca162b4720e340a72c4618': 1,
 '0x5da53876a2b37b49ee42c34522c9fced42047658': 4,
 '0x5f90ebc41c07089502a32d683480ea3fe2410d34': 1,
 '0x60f2a7c350ffca4ef7bcec0e8c48d6ea40241e3c': 1,
 '0x629cbcaaae418da37f4ed34f13637f809f75278b': 1,
 '0x64d414a275842728925f72847e09e694b590d5b1': 1,
 '0x67fa73cb67a4d961c0d14faf45483899192d8ac3': 4,
 '0x6e1c5acbabaf0b3c73d4412c17c40d2f1d2e183b': 1,
 '0x7a75f008c92d94761ff156ef54d99133f3054be4': 3,
 '0x7b2c08606c9bbcbc2d5acee70deca0058051e9e1': 2,
 '0x98d142a1039ff6384bbc07c6231708e14b24a96d': 1,
 '0xa13a8b8039b6e8e26b1763b0e7e9ec992a73b996': 1,
 '0xa8a15e8d8061285758cbed91bb22cea46edf87d0': 7,
 '0xa8ac9c0403d8a31cfc1bf43e09231c0ffaf52dd7': 1,
 '0xa9da3474eafab14ac6c9f6111acb2d2e5e071370': 1,
 '0xaab74d9a2fa5aa3d021b870dd6e8c1e467346ed6': 1,
 '0xab5f6b2b24b5e7b8ee5218d534f0ff8cffd88d5c': 2,
 '0xb432de8871c179b57850ee04144a70b76b897c37': 1,
 '0xb52937c750792574d4ca6d8bc7f5951bd6800541': 1,
 '0xb646f3709b06dd294345389d8f79a9893d64a106': 1,
 '0xc92eb3f64444377b3d2d103b78d22e28e6b8d88a': 1,
 '0xd23a9b7eaf27b521880337b19edcf13cb6b26dff': 1,
 '0xd3cd1bce062483536b97c47221c165a9fe3b4716': 1,
 '0xd4f5685c1a4167420e78f9a406b5e21b5f6a9481': 7,
 '0xd6ebf9d4972c453b8ff653dcd1b138392ecd1a9c': 3,
 '0xd8de315eb7a00f4155d1ea9eb4eb6888ae715631': 5,
 '0xe01e6c27218765b9e0ef42546a2c0237bb4c54e2': 2,
 '0xe4f01a14c9496513ebc434d231ccfdf696e219eb': 3,
 '0xede25f41e2c28708be61b583cc9cb6771e113fbe': 7,
 '0xf8fb1b69aabd14fc11b96f4dc60bf51a35ba0897': 7,
 '0xfec33dff5871971eaa32ca34fc3229f8f12c8b13': 1}
{"0x109eaa8e64f3d20f9294b8a563148cf1e3e1b7b5": 5, "0xf8fb1b69aabd14fc11b96f4dc60bf51a35ba0897": 7, "0xa8a15e8d8061285758cbed91bb22cea46edf87d0": 7, "0xd6ebf9d4972c453b8ff653dcd1b138392ecd1a9c": 3, "0x67fa73cb67a4d961c0d14faf45483899192d8ac3": 4, "0x562cd9d3e460bf542fca162b4720e340a72c4618": 1, "0x629cbcaaae418da37f4ed34f13637f809f75278b": 1, "0xd8de315eb7a00f4155d1ea9eb4eb6888ae715631": 5, "0x7a75f008c92d94761ff156ef54d99133f3054be4": 3, "0xede25f41e2c28708be61b583cc9cb6771e113fbe": 7, "0x53d4298e9fd219759b8fbbc9ed04b99a8eca4889": 2, "0xd4f5685c1a4167420e78f9a406b5e21b5f6a9481": 7, "0xb646f3709b06dd294345389d8f79a9893d64a106": 1, "0x07739dfc55e8643960c7cf987d9258c087cab976": 1, "0x167d8b13698ffd8d6273532cdcbd0747e9f4cbb2": 2, "0xab5f6b2b24b5e7b8ee5218d534f0ff8cffd88d5c": 2, "0x1c496ed78215eac4978f02cca335ff3a358e1f35": 3, "0x0b5f261b9060259c16fa80cde329644f5e215c21": 2, "0x15870af7a292ad698827182fdd11b083298a9990": 1, "0x49d443d89da0712b1d608eeaedef2650ab8b2206": 1, "0xe4f01a14c9496513ebc434d231ccfdf696e219eb": 3, "0x15943e1951e0e3803cb62121315507fb5b054787": 1, "0x47bbe214a4bc6bb2b2896eb280422af0c4198313": 1, "0xb52937c750792574d4ca6d8bc7f5951bd6800541": 1, "0xb432de8871c179b57850ee04144a70b76b897c37": 1, "0x60f2a7c350ffca4ef7bcec0e8c48d6ea40241e3c": 1, "0xa13a8b8039b6e8e26b1763b0e7e9ec992a73b996": 1, "0x98d142a1039ff6384bbc07c6231708e14b24a96d": 1, "0x08c340f86f96b63e5c8d8b28a9e1eee750d3cf7b": 3, "0x6e1c5acbabaf0b3c73d4412c17c40d2f1d2e183b": 1, "0x64d414a275842728925f72847e09e694b590d5b1": 1, "0xe01e6c27218765b9e0ef42546a2c0237bb4c54e2": 2, "0x5f90ebc41c07089502a32d683480ea3fe2410d34": 1, "0xd23a9b7eaf27b521880337b19edcf13cb6b26dff": 1, "0x5da53876a2b37b49ee42c34522c9fced42047658": 4, "0xd3cd1bce062483536b97c47221c165a9fe3b4716": 1, "0x2dd4c1a081f3ce58217bf12edd297361b17b9c97": 1, "0x1ac8a6d59db3938ddbee19f4ec3ea8a0a771bf6e": 3, "0x7b2c08606c9bbcbc2d5acee70deca0058051e9e1": 2, "0xa8ac9c0403d8a31cfc1bf43e09231c0ffaf52dd7": 1, "0xfec33dff5871971eaa32ca34fc3229f8f12c8b13": 1, "0xaab74d9a2fa5aa3d021b870dd6e8c1e467346ed6": 1, "0xa9da3474eafab14ac6c9f6111acb2d2e5e071370": 1, "0xc92eb3f64444377b3d2d103b78d22e28e6b8d88a": 1}
