[786219,
 990296,
 958501,
 1691277,
 209472,
 1934533,
 1204255,
 1312819,
 1031270,
 1245892,
 406674,
 724406,
 137553,
 103831,
 844533,
 1413851,
 1293297,
 1813814,
 735746,
 1318689,
 1676996,
 203272,
 499373,
 1497626,
 1492127,
 1785571,
 1863000,
 1400024,
 1450147,
 476600,
 1726532,
 1883688,
 1685823,
 1007265,
 1153959,
 828716,
 835075,
 1890534,
 1360789,
 1497390,
 1469535,
 448485,
 1613775,
 1466489,
 12115,
 1829287,
 1691732,
 943360,
 329338,
 861604,
 546693,
 1072625,
 247200,
 172192,
 1348697,
 1128068,
 1873208,
 741311,
 185824,
 215411,
 245681,
 937706,
 128777,
 1777548,
 569040,
 1617060,
 1642566,
 491381,
 560089,
 1222538,
 145277,
 1583477,
 789051,
 1403363,
 121920,
 299648,
 1597330,
 377584,
 234183,
 1124286,
 1680159,
 1055311,
 794261,
 45889,
 1269116,
 60277,
 682645,
 884247,
 480161,
 1889876,
 1635798,
 652188,
 1619587,
 780141,
 1003137,
 691807,
 1859774,
 609893,
 1089374,
 684992]
{'0x05467836a6cb9fa2a52706db130f2cd3350d84dd': 1,
 '0x0725a084d97328dbba684d0f995162f6ee30006d': 1,
 '0x07739dfc55e8643960c7cf987d9258c087cab976': 1,
 '0x0fb437eb9617e62d56ef95181f0c9ba8ea782abd': 1,
 '0x109eaa8e64f3d20f9294b8a563148cf1e3e1b7b5': 2,
 '0x1261632966f8eb36d7fbb336d3e324ddb3d99b9e': 1,
 '0x13aff8dbeb98a8a90145668883b044c5edcd4d22': 1,
 '0x183aec83633dacd2501516a49f436283ee5ad100': 1,
 '0x1ac8a6d59db3938ddbee19f4ec3ea8a0a771bf6e': 2,
 '0x1c496ed78215eac4978f02cca335ff3a358e1f35': 2,
 '0x22ba795aa1223f0c8fae2932f16f4b1f8b573163': 2,
 '0x24f3e8c9ec86851151a50efee1650b48425aa51b': 1,
 '0x466f92bb211d12794b5b0c78438864079e2cbfd5': 2,
 '0x468e68f95216fb8759406fc8a9bbee10498e9281': 27,
 '0x5f90ebc41c07089502a32d683480ea3fe2410d34': 3,
 '0x6ac3d74b3e255ff48ae9d8e1b6c8bc9afdfa4cbd': 3,
 '0x6dbe1cebf019ac24a1966762097f873d0df25738': 1,
 '0x7a75f008c92d94761ff156ef54d99133f3054be4': 3,
 '0x80716b040fb9bfa0af28a57b25a7d338827d77ed': 1,
 '0x897c3f4be2a39b63267cfa23a1158fb5331cdd12': 1,
 '0x8f2ed6e59a27a96277b233eea9a0f0f460ccae31': 1,
 '0x948104e6c65cbdcf599ffc6cd49181bafd8a446e': 1,
 '0x98d142a1039ff6384bbc07c6231708e14b24a96d': 1,
 '0x9992fc085d5b5fe8c62438d81ffa7903ed8343ad': 10,
 '0xa9da3474eafab14ac6c9f6111acb2d2e5e071370': 1,
 '0xb2c9aa0dab5797ec17eb99c7006b8db224e916ba': 2,
 '0xbfdc403a22a073b36489aa0255784442ee8ba450': 1,
 '0xc4708a97009d5eabd3b06570c0de11061214c80f': 2,
 '0xc7e86ff1d8403e5fe1a9b2644f8935d6a328fa16': 1,
 '0xd3cd1bce062483536b97c47221c165a9fe3b4716': 1,
 '0xd4f5685c1a4167420e78f9a406b5e21b5f6a9481': 4,
 '0xd6ebf9d4972c453b8ff653dcd1b138392ecd1a9c': 1,
 '0xd8de315eb7a00f4155d1ea9eb4eb6888ae715631': 5,
 '0xdb524edbd32517881cdda248fedbf9aee526b38b': 1,
 '0xe9cbe0f9cbee09873b4dcf968a82e3ae6b9e7065': 2,
 '0xedd585b2ea9406eb769b09af53333a82f53af035': 8,
 '0xfc0feae0323c77dfe9861f45436a986f8999ebfb': 1}
