[576408,
 2083307,
 1212897,
 75679,
 529761,
 2006342,
 236900,
 293041,
 137369,
 1924530,
 188467,
 1275451,
 568799,
 2022392,
 1233764,
 1017978,
 1864736,
 462795,
 477725,
 491515,
 1783914,
 1694628,
 2171807,
 270442,
 1452221,
 1518804,
 1382810,
 1719603,
 2108836,
 25050,
 1912821,
 2176488,
 807322,
 25318,
 1767716,
 468527,
 1065943,
 1577846,
 1998124,
 524369,
 322947,
 181983,
 1734368,
 1942508,
 1779486,
 451655,
 633655,
 648957,
 972813,
 1163399,
 380520,
 988912,
 1909197,
 2003950,
 336517,
 1942772,
 1639590,
 636342,
 632188,
 1802598,
 2148138,
 1199523,
 1674728,
 375020,
 424062,
 1219669,
 297348,
 421536,
 2096292,
 902327,
 555150,
 1441618,
 1508178,
 359113,
 1365987,
 1362701,
 1492984,
 442861,
 1516041,
 1745492,
 357742,
 727308,
 71986,
 553153,
 807721,
 1228850,
 67263,
 210210,
 967768,
 2068299,
 1811075,
 1031329,
 528228,
 1395409,
 1676231,
 82207,
 1319419,
 1108167,
 613532,
 1112232]
{'0x05467836a6cb9fa2a52706db130f2cd3350d84dd': 2,
 '0x0725a084d97328dbba684d0f995162f6ee30006d': 1,
 '0x07739dfc55e8643960c7cf987d9258c087cab976': 2,
 '0x0b029f7b3dde3d77a079a8be8cf5beda66edd4df': 1,
 '0x109eaa8e64f3d20f9294b8a563148cf1e3e1b7b5': 1,
 '0x15870af7a292ad698827182fdd11b083298a9990': 2,
 '0x167d8b13698ffd8d6273532cdcbd0747e9f4cbb2': 1,
 '0x1ac8a6d59db3938ddbee19f4ec3ea8a0a771bf6e': 1,
 '0x1c496ed78215eac4978f02cca335ff3a358e1f35': 1,
 '0x1daf42373baf8c483aa8565a8584bc39ff4b58e2': 1,
 '0x1dbac10d2db0263dbd6cb98cb4bf10f0d4bbec9f': 1,
 '0x2516b0ace669024178c47fe07dc288def36512cd': 1,
 '0x2dd4c1a081f3ce58217bf12edd297361b17b9c97': 1,
 '0x3c2638dd1f80de379287dc171c27f2b5e56fc533': 4,
 '0x466f92bb211d12794b5b0c78438864079e2cbfd5': 6,
 '0x468e68f95216fb8759406fc8a9bbee10498e9281': 26,
 '0x5f90ebc41c07089502a32d683480ea3fe2410d34': 1,
 '0x67fa73cb67a4d961c0d14faf45483899192d8ac3': 2,
 '0x6ac3d74b3e255ff48ae9d8e1b6c8bc9afdfa4cbd': 3,
 '0x6dbe1cebf019ac24a1966762097f873d0df25738': 1,
 '0x7a75f008c92d94761ff156ef54d99133f3054be4': 1,
 '0x8b312e24718acf73e7036cfedd20c54d61675f11': 2,
 '0x8bb820c251ac194ca770f9f0cdc12b76354e3de6': 1,
 '0x8f2ed6e59a27a96277b233eea9a0f0f460ccae31': 1,
 '0x948104e6c65cbdcf599ffc6cd49181bafd8a446e': 2,
 '0x9992fc085d5b5fe8c62438d81ffa7903ed8343ad': 11,
 '0xa27a729443ad105cabbc5d2d7f877a5340aa3e69': 1,
 '0xab5f6b2b24b5e7b8ee5218d534f0ff8cffd88d5c': 1,
 '0xb2c9aa0dab5797ec17eb99c7006b8db224e916ba': 2,
 '0xc1a95655ad8d40e8cdf4f9f29c3a6946932f4294': 1,
 '0xc4708a97009d5eabd3b06570c0de11061214c80f': 2,
 '0xc6b3e413b3f7d2cb67191f806f8dfdb4a9d60ac7': 1,
 '0xc92eb3f64444377b3d2d103b78d22e28e6b8d88a': 1,
 '0xd3cd1bce062483536b97c47221c165a9fe3b4716': 1,
 '0xd4f5685c1a4167420e78f9a406b5e21b5f6a9481': 2,
 '0xd8de315eb7a00f4155d1ea9eb4eb6888ae715631': 4,
 '0xda13157f47929bced94ce06ef8cbef70328981fc': 1,
 '0xde10c4a242af497479816b2144c1d78838c7c796': 1,
 '0xe442145711bf3c56452f0dcc730f3ad65ce230cc': 1,
 '0xe4de83fdbc4b9352deeab80a1b03a2da99e5a4a4': 1,
 '0xe9cbe0f9cbee09873b4dcf968a82e3ae6b9e7065': 1,
 '0xede25f41e2c28708be61b583cc9cb6771e113fbe': 2}
