[1262045,
 188610,
 889794,
 919776,
 639326,
 1604151,
 1424412,
 891599,
 836861,
 175021,
 1063965,
 1438701,
 49221,
 243362,
 126559,
 1113055,
 1294471,
 1272462,
 602167,
 239458,
 151132,
 1389531,
 1624137,
 843290,
 476748,
 1415164,
 450747,
 1586712,
 93853,
 550023,
 606932,
 1568620,
 1169537,
 1246697,
 306175,
 1550173,
 1346182,
 1316945,
 1034681,
 44608,
 592288,
 453509,
 1151180,
 220031,
 934143,
 1364525,
 708920,
 366304,
 1558885,
 732389,
 1722581,
 714209,
 1419821,
 1496767,
 790500,
 955037,
 1713380,
 108115,
 1282063,
 917290,
 1401715,
 330628,
 924279,
 1125200,
 754569,
 966593,
 900926,
 1429065,
 676726,
 136400,
 102310,
 1180864,
 1704843,
 657457,
 910086,
 1169126,
 1311666,
 847642,
 857540,
 140177,
 961096,
 589793,
 214429,
 113966,
 1545350,
 1497266,
 1751826,
 257746,
 1594475,
 1484063,
 278731,
 47851,
 866675,
 560597,
 1708531,
 1410717,
 856995,
 405296,
 1628214,
 332756]
{'0x00347a5a6129c110cd302ff018fd81804e010705': 1,
 '0x08c340f86f96b63e5c8d8b28a9e1eee750d3cf7b': 2,
 '0x0d413542e648034f704394646f5ffb12022fc8d5': 1,
 '0x0fb437eb9617e62d56ef95181f0c9ba8ea782abd': 1,
 '0x109eaa8e64f3d20f9294b8a563148cf1e3e1b7b5': 5,
 '0x1242d7e7c5d3c453fb601a2cc9db06aac832b1ab': 1,
 '0x1261632966f8eb36d7fbb336d3e324ddb3d99b9e': 1,
 '0x13aff8dbeb98a8a90145668883b044c5edcd4d22': 1,
 '0x15870af7a292ad698827182fdd11b083298a9990': 1,
 '0x167d8b13698ffd8d6273532cdcbd0747e9f4cbb2': 3,
 '0x1ac8a6d59db3938ddbee19f4ec3ea8a0a771bf6e': 1,
 '0x1c496ed78215eac4978f02cca335ff3a358e1f35': 1,
 '0x1f0047ad5e5ba9963f9430b2306b6856aa5b9b15': 1,
 '0x200f28a82317d84cd2932e4b6e7a9aa0376053d6': 1,
 '0x2dd4c1a081f3ce58217bf12edd297361b17b9c97': 1,
 '0x3e5a25490c18bc3ecb45097fba663c0dd9d5a9fc': 1,
 '0x510060b860fac522c2cf4845cfbbadb6888a54b4': 1,
 '0x53d4298e9fd219759b8fbbc9ed04b99a8eca4889': 3,
 '0x5f90ebc41c07089502a32d683480ea3fe2410d34': 2,
 '0x67fa73cb67a4d961c0d14faf45483899192d8ac3': 5,
 '0x6e1c5acbabaf0b3c73d4412c17c40d2f1d2e183b': 1,
 '0x75203bc03125befff8aed3b9fd687d8818a8b2e1': 2,
 '0x77634ebd77c039fcb17f6320006d6a2729c4fb78': 1,
 '0x7a75f008c92d94761ff156ef54d99133f3054be4': 7,
 '0x897c3f4be2a39b63267cfa23a1158fb5331cdd12': 1,
 '0x8bb820c251ac194ca770f9f0cdc12b76354e3de6': 1,
 '0x98d142a1039ff6384bbc07c6231708e14b24a96d': 4,
 '0xa13a8b8039b6e8e26b1763b0e7e9ec992a73b996': 1,
 '0xa36dd9897d3464961d1a7ec39b9fe91b6ade3204': 1,
 '0xa8a15e8d8061285758cbed91bb22cea46edf87d0': 7,
 '0xab5f6b2b24b5e7b8ee5218d534f0ff8cffd88d5c': 2,
 '0xb52937c750792574d4ca6d8bc7f5951bd6800541': 2,
 '0xb8167d9a4e7a4eaf4fdcdfa60f3d78f15afcc98a': 1,
 '0xba4cc2ab882746bf058e148e53e860d7e0756220': 1,
 '0xc1a95655ad8d40e8cdf4f9f29c3a6946932f4294': 1,
 '0xc7e86ff1d8403e5fe1a9b2644f8935d6a328fa16': 2,
 '0xd4f5685c1a4167420e78f9a406b5e21b5f6a9481': 6,
 '0xd6ebf9d4972c453b8ff653dcd1b138392ecd1a9c': 2,
 '0xd8de315eb7a00f4155d1ea9eb4eb6888ae715631': 3,
 '0xd8e3b302b03d739bb94291aca58f006a072425a7': 1,
 '0xda13157f47929bced94ce06ef8cbef70328981fc': 1,
 '0xe01e6c27218765b9e0ef42546a2c0237bb4c54e2': 1,
 '0xe4f01a14c9496513ebc434d231ccfdf696e219eb': 3,
 '0xede25f41e2c28708be61b583cc9cb6771e113fbe': 11,
 '0xf8fb1b69aabd14fc11b96f4dc60bf51a35ba0897': 2,
 '0xfad4a2d4c72733e82124139e41161152771a4d9d': 1}
{"0x167d8b13698ffd8d6273532cdcbd0747e9f4cbb2": 3, "0xa8a15e8d8061285758cbed91bb22cea46edf87d0": 7, "0x7a75f008c92d94761ff156ef54d99133f3054be4": 7, "0x109eaa8e64f3d20f9294b8a563148cf1e3e1b7b5": 5, "0x1242d7e7c5d3c453fb601a2cc9db06aac832b1ab": 1, "0xd6ebf9d4972c453b8ff653dcd1b138392ecd1a9c": 2, "0x67fa73cb67a4d961c0d14faf45483899192d8ac3": 5, "0xe01e6c27218765b9e0ef42546a2c0237bb4c54e2": 1, "0x8bb820c251ac194ca770f9f0cdc12b76354e3de6": 1, "0xede25f41e2c28708be61b583cc9cb6771e113fbe": 11, "0x1c496ed78215eac4978f02cca335ff3a358e1f35": 1, "0x0d413542e648034f704394646f5ffb12022fc8d5": 1, "0x897c3f4be2a39b63267cfa23a1158fb5331cdd12": 1, "0x1f0047ad5e5ba9963f9430b2306b6856aa5b9b15": 1, "0xe4f01a14c9496513ebc434d231ccfdf696e219eb": 3, "0x75203bc03125befff8aed3b9fd687d8818a8b2e1": 2, "0xa36dd9897d3464961d1a7ec39b9fe91b6ade3204": 1, "0xd8de315eb7a00f4155d1ea9eb4eb6888ae715631": 3, "0xa13a8b8039b6e8e26b1763b0e7e9ec992a73b996": 1, "0x53d4298e9fd219759b8fbbc9ed04b99a8eca4889": 3, "0x2dd4c1a081f3ce58217bf12edd297361b17b9c97": 1, "0xd4f5685c1a4167420e78f9a406b5e21b5f6a9481": 6, "0x510060b860fac522c2cf4845cfbbadb6888a54b4": 1, "0xda13157f47929bced94ce06ef8cbef70328981fc": 1, "0xab5f6b2b24b5e7b8ee5218d534f0ff8cffd88d5c": 2, "0x15870af7a292ad698827182fdd11b083298a9990": 1, "0x5f90ebc41c07089502a32d683480ea3fe2410d34": 2, "0x98d142a1039ff6384bbc07c6231708e14b24a96d": 4, "0xd8e3b302b03d739bb94291aca58f006a072425a7": 1, "0x08c340f86f96b63e5c8d8b28a9e1eee750d3cf7b": 2, "0xfad4a2d4c72733e82124139e41161152771a4d9d": 1, "0xf8fb1b69aabd14fc11b96f4dc60bf51a35ba0897": 2, "0x200f28a82317d84cd2932e4b6e7a9aa0376053d6": 1, "0xc7e86ff1d8403e5fe1a9b2644f8935d6a328fa16": 2, "0x1ac8a6d59db3938ddbee19f4ec3ea8a0a771bf6e": 1, "0x6e1c5acbabaf0b3c73d4412c17c40d2f1d2e183b": 1, "0xb52937c750792574d4ca6d8bc7f5951bd6800541": 2, "0x0fb437eb9617e62d56ef95181f0c9ba8ea782abd": 1, "0x13aff8dbeb98a8a90145668883b044c5edcd4d22": 1, "0xc1a95655ad8d40e8cdf4f9f29c3a6946932f4294": 1, "0x00347a5a6129c110cd302ff018fd81804e010705": 1, "0xba4cc2ab882746bf058e148e53e860d7e0756220": 1, "0x77634ebd77c039fcb17f6320006d6a2729c4fb78": 1, "0xb8167d9a4e7a4eaf4fdcdfa60f3d78f15afcc98a": 1, "0x1261632966f8eb36d7fbb336d3e324ddb3d99b9e": 1, "0x3e5a25490c18bc3ecb45097fba663c0dd9d5a9fc": 1}
