[61632,
 972038,
 1508803,
 1053553,
 849935,
 1529381,
 1321458,
 1057107,
 749098,
 996366,
 1566876,
 1562076,
 392613,
 1618810,
 273788,
 974559,
 807135,
 1358072,
 167934,
 144257,
 1131083,
 1129246,
 1740557,
 151197,
 877252,
 1209683,
 1667888,
 226139,
 981416,
 610841,
 850452,
 426100,
 691127,
 1516257,
 912324,
 746823,
 1454263,
 1365279,
 1164169,
 122647,
 571605,
 947139,
 274847,
 75444,
 962660,
 50726,
 1592651,
 1318023,
 133867,
 165794,
 1420945,
 89881,
 1488021,
 322392,
 53011,
 695068,
 1324857,
 1305084,
 416664,
 1765903,
 1514145,
 1313061,
 402435,
 1060424,
 657274,
 1049409,
 374415,
 973143,
 430464,
 265210,
 1808827,
 1866648,
 696537,
 810899,
 903827,
 499324,
 420176,
 1864668,
 864634,
 1828468,
 1582019,
 1477820,
 521166,
 666521,
 1719541,
 1458980,
 190928,
 1518697,
 316207,
 1246563,
 1459826,
 1863720,
 1661806,
 512921,
 126082,
 1089849,
 296276,
 1756620,
 415288,
 1420322]
{'0x0d413542e648034f704394646f5ffb12022fc8d5': 2,
 '0x0f4455e082b96fde25ceafc06d5a08d85b14a43a': 1,
 '0x0fb437eb9617e62d56ef95181f0c9ba8ea782abd': 2,
 '0x109eaa8e64f3d20f9294b8a563148cf1e3e1b7b5': 3,
 '0x1242d7e7c5d3c453fb601a2cc9db06aac832b1ab': 1,
 '0x1261632966f8eb36d7fbb336d3e324ddb3d99b9e': 1,
 '0x13aff8dbeb98a8a90145668883b044c5edcd4d22': 2,
 '0x15870af7a292ad698827182fdd11b083298a9990': 1,
 '0x167d8b13698ffd8d6273532cdcbd0747e9f4cbb2': 1,
 '0x1ac8a6d59db3938ddbee19f4ec3ea8a0a771bf6e': 3,
 '0x1c496ed78215eac4978f02cca335ff3a358e1f35': 1,
 '0x1daf42373baf8c483aa8565a8584bc39ff4b58e2': 2,
 '0x36d00dd95955298e930feacb105dab57990b8b86': 1,
 '0x3c2638dd1f80de379287dc171c27f2b5e56fc533': 1,
 '0x466f92bb211d12794b5b0c78438864079e2cbfd5': 6,
 '0x49d443d89da0712b1d608eeaedef2650ab8b2206': 1,
 '0x5da53876a2b37b49ee42c34522c9fced42047658': 2,
 '0x67fa73cb67a4d961c0d14faf45483899192d8ac3': 1,
 '0x6d466e9b82deb578a96159a9aa3e03425dfb725f': 1,
 '0x6dbe1cebf019ac24a1966762097f873d0df25738': 1,
 '0x7130f38655c04edb772a663b026caa5eaab42598': 1,
 '0x7a75f008c92d94761ff156ef54d99133f3054be4': 3,
 '0x897c3f4be2a39b63267cfa23a1158fb5331cdd12': 1,
 '0x8a1ea5e919806924042b7e3140faf87ef2024853': 1,
 '0x8b312e24718acf73e7036cfedd20c54d61675f11': 1,
 '0x8bb820c251ac194ca770f9f0cdc12b76354e3de6': 1,
 '0x8f2ed6e59a27a96277b233eea9a0f0f460ccae31': 3,
 '0x948104e6c65cbdcf599ffc6cd49181bafd8a446e': 1,
 '0x96cc80292fa3a7045611eb84ae09df8bd15936d2': 1,
 '0x98d142a1039ff6384bbc07c6231708e14b24a96d': 1,
 '0x9992fc085d5b5fe8c62438d81ffa7903ed8343ad': 15,
 '0xa36dd9897d3464961d1a7ec39b9fe91b6ade3204': 1,
 '0xab5f6b2b24b5e7b8ee5218d534f0ff8cffd88d5c': 1,
 '0xc4708a97009d5eabd3b06570c0de11061214c80f': 6,
 '0xc4cf3cd0f841c6f5affa1b642166d157abd3d5d6': 1,
 '0xd23a9b7eaf27b521880337b19edcf13cb6b26dff': 2,
 '0xd4f5685c1a4167420e78f9a406b5e21b5f6a9481': 5,
 '0xd8de315eb7a00f4155d1ea9eb4eb6888ae715631': 8,
 '0xd8e3b302b03d739bb94291aca58f006a072425a7': 1,
 '0xdb524edbd32517881cdda248fedbf9aee526b38b': 1,
 '0xe7e2d3a9b6bf82efa164441f31dd017b24a21ec0': 1,
 '0xe9cbe0f9cbee09873b4dcf968a82e3ae6b9e7065': 2,
 '0xede25f41e2c28708be61b583cc9cb6771e113fbe': 4,
 '0xf03e063f62fd228cd25c026cfff7f032d7b75aab': 1,
 '0xfc0feae0323c77dfe9861f45436a986f8999ebfb': 2,
 '0xfe5563cd4a9528a472584ef49ed66faf4d484856': 1}
