[303055,
 1286535,
 1090831,
 828783,
 181658,
 1424616,
 232279,
 663329,
 161826,
 552925,
 1496216,
 1480055,
 1308204,
 1352794,
 848372,
 1291835,
 410345,
 98568,
 1351073,
 432634,
 162354,
 1016364,
 1366977,
 768919,
 258422,
 710009,
 687828,
 564653,
 302554,
 64831,
 419445,
 751077,
 87999,
 775348,
 690442,
 373825,
 283502,
 850859,
 1396175,
 340980,
 600915,
 740962,
 1151665,
 229012,
 371279,
 1315512,
 1104504,
 10658,
 709895,
 700234,
 1328061,
 97946,
 1017866,
 632478,
 929812,
 1422601,
 1266078,
 772005,
 832841,
 354944,
 8413,
 1272891,
 12841,
 143907,
 584698,
 1477640,
 537493,
 44685,
 337395,
 438530,
 440720,
 164821,
 1368093,
 661124,
 679105,
 1428819,
 1154082,
 990618,
 1105732,
 830224,
 784805,
 1238342,
 893140,
 1077887,
 1249029,
 272550,
 212934,
 1093817,
 217720,
 537737,
 1387579,
 1163101,
 1287720,
 561047,
 1107962,
 951020,
 1201378,
 410203,
 1515567,
 860623]
{'0x08c340f86f96b63e5c8d8b28a9e1eee750d3cf7b': 1,
 '0x109eaa8e64f3d20f9294b8a563148cf1e3e1b7b5': 7,
 '0x15943e1951e0e3803cb62121315507fb5b054787': 2,
 '0x167d8b13698ffd8d6273532cdcbd0747e9f4cbb2': 3,
 '0x189dd12ea4ea3d3e562882add73c6f0a23439999': 1,
 '0x1ac8a6d59db3938ddbee19f4ec3ea8a0a771bf6e': 3,
 '0x1c496ed78215eac4978f02cca335ff3a358e1f35': 1,
 '0x2dd4c1a081f3ce58217bf12edd297361b17b9c97': 2,
 '0x3e5a25490c18bc3ecb45097fba663c0dd9d5a9fc': 1,
 '0x49d443d89da0712b1d608eeaedef2650ab8b2206': 1,
 '0x53d4298e9fd219759b8fbbc9ed04b99a8eca4889': 1,
 '0x562cd9d3e460bf542fca162b4720e340a72c4618': 1,
 '0x5da53876a2b37b49ee42c34522c9fced42047658': 3,
 '0x5f90ebc41c07089502a32d683480ea3fe2410d34': 1,
 '0x67fa73cb67a4d961c0d14faf45483899192d8ac3': 5,
 '0x7a75f008c92d94761ff156ef54d99133f3054be4': 5,
 '0x897c3f4be2a39b63267cfa23a1158fb5331cdd12': 1,
 '0x8e50e4f1607b2f2964123757287442ef179470f9': 1,
 '0x96cc80292fa3a7045611eb84ae09df8bd15936d2': 2,
 '0x98d142a1039ff6384bbc07c6231708e14b24a96d': 3,
 '0x9d92ae4ca36954cd57d25a291e2b324cd11c17ba': 1,
 '0xa13a8b8039b6e8e26b1763b0e7e9ec992a73b996': 1,
 '0xa27a729443ad105cabbc5d2d7f877a5340aa3e69': 2,
 '0xa2d30f8da3da69ab08d8ac7553c6575701747aa8': 1,
 '0xa8a15e8d8061285758cbed91bb22cea46edf87d0': 9,
 '0xa97e5e5016a491a2814cfd179cb3bf0a0665b953': 1,
 '0xab5f6b2b24b5e7b8ee5218d534f0ff8cffd88d5c': 1,
 '0xd23a9b7eaf27b521880337b19edcf13cb6b26dff': 1,
 '0xd3cd1bce062483536b97c47221c165a9fe3b4716': 2,
 '0xd4f5685c1a4167420e78f9a406b5e21b5f6a9481': 8,
 '0xd8de315eb7a00f4155d1ea9eb4eb6888ae715631': 3,
 '0xda13157f47929bced94ce06ef8cbef70328981fc': 2,
 '0xdd68b263f844d6f5151f0071abbaddff8e19cb21': 1,
 '0xde10c4a242af497479816b2144c1d78838c7c796': 3,
 '0xe01e6c27218765b9e0ef42546a2c0237bb4c54e2': 1,
 '0xe4f01a14c9496513ebc434d231ccfdf696e219eb': 5,
 '0xede25f41e2c28708be61b583cc9cb6771e113fbe': 8,
 '0xf8fb1b69aabd14fc11b96f4dc60bf51a35ba0897': 1,
 '0xfad4a2d4c72733e82124139e41161152771a4d9d': 2,
 '0xfc0feae0323c77dfe9861f45436a986f8999ebfb': 2}
{"0xd4f5685c1a4167420e78f9a406b5e21b5f6a9481": 8, "0xde10c4a242af497479816b2144c1d78838c7c796": 3, "0x2dd4c1a081f3ce58217bf12edd297361b17b9c97": 2, "0x98d142a1039ff6384bbc07c6231708e14b24a96d": 3, "0xa8a15e8d8061285758cbed91bb22cea46edf87d0": 9, "0xa27a729443ad105cabbc5d2d7f877a5340aa3e69": 2, "0x1ac8a6d59db3938ddbee19f4ec3ea8a0a771bf6e": 3, "0x109eaa8e64f3d20f9294b8a563148cf1e3e1b7b5": 7, "0xa2d30f8da3da69ab08d8ac7553c6575701747aa8": 1, "0x9d92ae4ca36954cd57d25a291e2b324cd11c17ba": 1, "0xab5f6b2b24b5e7b8ee5218d534f0ff8cffd88d5c": 1, "0xfad4a2d4c72733e82124139e41161152771a4d9d": 2, "0x5da53876a2b37b49ee42c34522c9fced42047658": 3, "0xe4f01a14c9496513ebc434d231ccfdf696e219eb": 5, "0xede25f41e2c28708be61b583cc9cb6771e113fbe": 8, "0xd8de315eb7a00f4155d1ea9eb4eb6888ae715631": 3, "0x96cc80292fa3a7045611eb84ae09df8bd15936d2": 2, "0xd3cd1bce062483536b97c47221c165a9fe3b4716": 2, "0x67fa73cb67a4d961c0d14faf45483899192d8ac3": 5, "0x7a75f008c92d94761ff156ef54d99133f3054be4": 5, "0x189dd12ea4ea3d3e562882add73c6f0a23439999": 1, "0x49d443d89da0712b1d608eeaedef2650ab8b2206": 1, "0xd23a9b7eaf27b521880337b19edcf13cb6b26dff": 1, "0x167d8b13698ffd8d6273532cdcbd0747e9f4cbb2": 3, "0xa13a8b8039b6e8e26b1763b0e7e9ec992a73b996": 1, "0x08c340f86f96b63e5c8d8b28a9e1eee750d3cf7b": 1, "0x1c496ed78215eac4978f02cca335ff3a358e1f35": 1, "0xfc0feae0323c77dfe9861f45436a986f8999ebfb": 2, "0xdd68b263f844d6f5151f0071abbaddff8e19cb21": 1, "0x8e50e4f1607b2f2964123757287442ef179470f9": 1, "0xda13157f47929bced94ce06ef8cbef70328981fc": 2, "0x53d4298e9fd219759b8fbbc9ed04b99a8eca4889": 1, "0xf8fb1b69aabd14fc11b96f4dc60bf51a35ba0897": 1, "0x15943e1951e0e3803cb62121315507fb5b054787": 2, "0xe01e6c27218765b9e0ef42546a2c0237bb4c54e2": 1, "0x562cd9d3e460bf542fca162b4720e340a72c4618": 1, "0x3e5a25490c18bc3ecb45097fba663c0dd9d5a9fc": 1, "0x5f90ebc41c07089502a32d683480ea3fe2410d34": 1, "0x897c3f4be2a39b63267cfa23a1158fb5331cdd12": 1, "0xa97e5e5016a491a2814cfd179cb3bf0a0665b953": 1}
