[1751525,
 1078107,
 823484,
 1309095,
 493406,
 438320,
 134552,
 807058,
 2087736,
 203178,
 5854,
 1117292,
 1132965,
 1399944,
 922294,
 798695,
 91844,
 2092216,
 1679455,
 930489,
 1402288,
 702290,
 283326,
 8208,
 435720,
 1947959,
 1596381,
 490391,
 1311036,
 1078902,
 1234070,
 1850821,
 751543,
 1000117,
 308769,
 1577089,
 272921,
 824121,
 1486040,
 1461735,
 1484848,
 2070941,
 111637,
 1634550,
 2041949,
 795488,
 1249392,
 1586973,
 561316,
 1717829,
 239578,
 271981,
 1858592,
 1514010,
 1273498,
 116215,
 361928,
 158115,
 639740,
 1192958,
 1308021,
 1292881,
 895661,
 2029690,
 1780181,
 1807250,
 573416,
 513097,
 1010629,
 1807623,
 1553709,
 1413883,
 1579065,
 1595388,
 244544,
 103689,
 2080981,
 1900343,
 1327213,
 879,
 431497,
 1456879,
 582821,
 1611947,
 352120,
 963307,
 1952971,
 1794356,
 1291187,
 1993028,
 1899122,
 1836051,
 263232,
 1685770,
 1734331,
 717670,
 759246,
 1173146,
 348698,
 1452120]
{'0x00347a5a6129c110cd302ff018fd81804e010705': 1,
 '0x0725a084d97328dbba684d0f995162f6ee30006d': 2,
 '0x0f7f692bceb3255e344647aa0088abf08fd5f311': 1,
 '0x0fb437eb9617e62d56ef95181f0c9ba8ea782abd': 3,
 '0x109eaa8e64f3d20f9294b8a563148cf1e3e1b7b5': 2,
 '0x15870af7a292ad698827182fdd11b083298a9990': 1,
 '0x167d8b13698ffd8d6273532cdcbd0747e9f4cbb2': 2,
 '0x183aec83633dacd2501516a49f436283ee5ad100': 3,
 '0x189dd12ea4ea3d3e562882add73c6f0a23439999': 1,
 '0x1ac8a6d59db3938ddbee19f4ec3ea8a0a771bf6e': 1,
 '0x1c496ed78215eac4978f02cca335ff3a358e1f35': 2,
 '0x1daf42373baf8c483aa8565a8584bc39ff4b58e2': 1,
 '0x36d00dd95955298e930feacb105dab57990b8b86': 1,
 '0x3e5a25490c18bc3ecb45097fba663c0dd9d5a9fc': 2,
 '0x466f92bb211d12794b5b0c78438864079e2cbfd5': 3,
 '0x49d443d89da0712b1d608eeaedef2650ab8b2206': 1,
 '0x53d4298e9fd219759b8fbbc9ed04b99a8eca4889': 2,
 '0x5f90ebc41c07089502a32d683480ea3fe2410d34': 1,
 '0x67fa73cb67a4d961c0d14faf45483899192d8ac3': 1,
 '0x6d466e9b82deb578a96159a9aa3e03425dfb725f': 1,
 '0x6dbe1cebf019ac24a1966762097f873d0df25738': 1,
 '0x7130f38655c04edb772a663b026caa5eaab42598': 1,
 '0x7a75f008c92d94761ff156ef54d99133f3054be4': 3,
 '0x7a892e2877fec2fc996560d496fee79707a685af': 2,
 '0x8b312e24718acf73e7036cfedd20c54d61675f11': 1,
 '0x948104e6c65cbdcf599ffc6cd49181bafd8a446e': 2,
 '0x96cc80292fa3a7045611eb84ae09df8bd15936d2': 1,
 '0x98d142a1039ff6384bbc07c6231708e14b24a96d': 1,
 '0x9992fc085d5b5fe8c62438d81ffa7903ed8343ad': 7,
 '0xa27a729443ad105cabbc5d2d7f877a5340aa3e69': 1,
 '0xa8a15e8d8061285758cbed91bb22cea46edf87d0': 4,
 '0xa97e5e5016a491a2814cfd179cb3bf0a0665b953': 3,
 '0xab0211d3c1ee22c9e0c727964318b366517b4658': 1,
 '0xc4708a97009d5eabd3b06570c0de11061214c80f': 5,
 '0xc4cf3cd0f841c6f5affa1b642166d157abd3d5d6': 1,
 '0xc6b3e413b3f7d2cb67191f806f8dfdb4a9d60ac7': 3,
 '0xd4f5685c1a4167420e78f9a406b5e21b5f6a9481': 8,
 '0xd8de315eb7a00f4155d1ea9eb4eb6888ae715631': 5,
 '0xda13157f47929bced94ce06ef8cbef70328981fc': 2,
 '0xe01e6c27218765b9e0ef42546a2c0237bb4c54e2': 2,
 '0xe442145711bf3c56452f0dcc730f3ad65ce230cc': 1,
 '0xe4de83fdbc4b9352deeab80a1b03a2da99e5a4a4': 1,
 '0xe7e2d3a9b6bf82efa164441f31dd017b24a21ec0': 1,
 '0xe9cbe0f9cbee09873b4dcf968a82e3ae6b9e7065': 2,
 '0xede25f41e2c28708be61b583cc9cb6771e113fbe': 5,
 '0xf8fb1b69aabd14fc11b96f4dc60bf51a35ba0897': 2,
 '0xfad4a2d4c72733e82124139e41161152771a4d9d': 1,
 '0xfc0feae0323c77dfe9861f45436a986f8999ebfb': 1}
{"0xd8de315eb7a00f4155d1ea9eb4eb6888ae715631": 5, "0x9992fc085d5b5fe8c62438d81ffa7903ed8343ad": 7, "0x7a892e2877fec2fc996560d496fee79707a685af": 2, "0xa97e5e5016a491a2814cfd179cb3bf0a0665b953": 3, "0x466f92bb211d12794b5b0c78438864079e2cbfd5": 3, "0x3e5a25490c18bc3ecb45097fba663c0dd9d5a9fc": 2, "0x109eaa8e64f3d20f9294b8a563148cf1e3e1b7b5": 2, "0x7a75f008c92d94761ff156ef54d99133f3054be4": 3, "0xfad4a2d4c72733e82124139e41161152771a4d9d": 1, "0x15870af7a292ad698827182fdd11b083298a9990": 1, "0x0725a084d97328dbba684d0f995162f6ee30006d": 2, "0xc4708a97009d5eabd3b06570c0de11061214c80f": 5, "0x948104e6c65cbdcf599ffc6cd49181bafd8a446e": 2, "0x0f7f692bceb3255e344647aa0088abf08fd5f311": 1, "0xfc0feae0323c77dfe9861f45436a986f8999ebfb": 1, "0x67fa73cb67a4d961c0d14faf45483899192d8ac3": 1, "0x189dd12ea4ea3d3e562882add73c6f0a23439999": 1, "0xede25f41e2c28708be61b583cc9cb6771e113fbe": 5, "0xd4f5685c1a4167420e78f9a406b5e21b5f6a9481": 8, "0xa27a729443ad105cabbc5d2d7f877a5340aa3e69": 1, "0xe4de83fdbc4b9352deeab80a1b03a2da99e5a4a4": 1, "0x6dbe1cebf019ac24a1966762097f873d0df25738": 1, "0x98d142a1039ff6384bbc07c6231708e14b24a96d": 1, "0x1ac8a6d59db3938ddbee19f4ec3ea8a0a771bf6e": 1, "0x183aec83633dacd2501516a49f436283ee5ad100": 3, "0xc6b3e413b3f7d2cb67191f806f8dfdb4a9d60ac7": 3, "0xc4cf3cd0f841c6f5affa1b642166d157abd3d5d6": 1, "0xf8fb1b69aabd14fc11b96f4dc60bf51a35ba0897": 2, "0x0fb437eb9617e62d56ef95181f0c9ba8ea782abd": 3, "0xa8a15e8d8061285758cbed91bb22cea46edf87d0": 4, "0x49d443d89da0712b1d608eeaedef2650ab8b2206": 1, "0x167d8b13698ffd8d6273532cdcbd0747e9f4cbb2": 2, "0xe7e2d3a9b6bf82efa164441f31dd017b24a21ec0": 1, "0x1daf42373baf8c483aa8565a8584bc39ff4b58e2": 1, "0x5f90ebc41c07089502a32d683480ea3fe2410d34": 1, "0x8b312e24718acf73e7036cfedd20c54d61675f11": 1, "0xda13157f47929bced94ce06ef8cbef70328981fc": 2, "0xe01e6c27218765b9e0ef42546a2c0237bb4c54e2": 2, "0x53d4298e9fd219759b8fbbc9ed04b99a8eca4889": 2, "0xe9cbe0f9cbee09873b4dcf968a82e3ae6b9e7065": 2, "0xab0211d3c1ee22c9e0c727964318b366517b4658": 1, "0x00347a5a6129c110cd302ff018fd81804e010705": 1, "0x36d00dd95955298e930feacb105dab57990b8b86": 1, "0x1c496ed78215eac4978f02cca335ff3a358e1f35": 2, "0x96cc80292fa3a7045611eb84ae09df8bd15936d2": 1, "0xe442145711bf3c56452f0dcc730f3ad65ce230cc": 1, "0x6d466e9b82deb578a96159a9aa3e03425dfb725f": 1, "0x7130f38655c04edb772a663b026caa5eaab42598": 1}
