[1656201,
 572563,
 1360536,
 976723,
 1040286,
 405894,
 1786534,
 1224873,
 1221229,
 98139,
 546598,
 711274,
 798980,
 1442042,
 1725185,
 326534,
 1478420,
 678721,
 932461,
 242237,
 1121967,
 1695142,
 624450,
 1529065,
 1189194,
 735400,
 148855,
 1582971,
 1771979,
 294129,
 1678080,
 1636495,
 426758,
 194454,
 1215178,
 1228621,
 1602455,
 413781,
 671141,
 506413,
 219127,
 1158019,
 1407973,
 1426871,
 1586326,
 896516,
 518803,
 869423,
 1784074,
 1343102,
 632331,
 1584857,
 84256,
 233142,
 443254,
 199373,
 1042763,
 527674,
 1339216,
 354877,
 610160,
 718968,
 968020,
 1203408,
 811288,
 954078,
 904649,
 450505,
 910067,
 509963,
 626635,
 57314,
 513575,
 674778,
 1495915,
 429688,
 894917,
 1033537,
 583323,
 23925,
 695324,
 794208,
 1275422,
 225972,
 922778,
 464037,
 638772,
 1105457,
 797635,
 683970,
 272929,
 203238,
 1380513,
 458876,
 1512795,
 1355028,
 1585160,
 101625,
 270604,
 1007619]
{'0x07739dfc55e8643960c7cf987d9258c087cab976': 1,
 '0x08c340f86f96b63e5c8d8b28a9e1eee750d3cf7b': 2,
 '0x0fb437eb9617e62d56ef95181f0c9ba8ea782abd': 3,
 '0x109eaa8e64f3d20f9294b8a563148cf1e3e1b7b5': 7,
 '0x15943e1951e0e3803cb62121315507fb5b054787': 1,
 '0x167d8b13698ffd8d6273532cdcbd0747e9f4cbb2': 3,
 '0x1c496ed78215eac4978f02cca335ff3a358e1f35': 1,
 '0x1f0047ad5e5ba9963f9430b2306b6856aa5b9b15': 1,
 '0x3aeedcd329e91e352d6c3d42c2b90d4e33a9e7d5': 1,
 '0x49d443d89da0712b1d608eeaedef2650ab8b2206': 1,
 '0x53d4298e9fd219759b8fbbc9ed04b99a8eca4889': 4,
 '0x5f90ebc41c07089502a32d683480ea3fe2410d34': 2,
 '0x67fa73cb67a4d961c0d14faf45483899192d8ac3': 4,
 '0x6e1c5acbabaf0b3c73d4412c17c40d2f1d2e183b': 1,
 '0x7130f38655c04edb772a663b026caa5eaab42598': 1,
 '0x75203bc03125befff8aed3b9fd687d8818a8b2e1': 1,
 '0x78dda0b5bc5e270769bd43a3aa57f90276728edb': 1,
 '0x7a75f008c92d94761ff156ef54d99133f3054be4': 6,
 '0x8bb820c251ac194ca770f9f0cdc12b76354e3de6': 1,
 '0x948104e6c65cbdcf599ffc6cd49181bafd8a446e': 1,
 '0x98d142a1039ff6384bbc07c6231708e14b24a96d': 1,
 '0xa8a15e8d8061285758cbed91bb22cea46edf87d0': 10,
 '0xab5f6b2b24b5e7b8ee5218d534f0ff8cffd88d5c': 1,
 '0xb432de8871c179b57850ee04144a70b76b897c37': 1,
 '0xc92eb3f64444377b3d2d103b78d22e28e6b8d88a': 1,
 '0xd3cd1bce062483536b97c47221c165a9fe3b4716': 1,
 '0xd4f5685c1a4167420e78f9a406b5e21b5f6a9481': 8,
 '0xd6ebf9d4972c453b8ff653dcd1b138392ecd1a9c': 1,
 '0xd8de315eb7a00f4155d1ea9eb4eb6888ae715631': 7,
 '0xd8e3b302b03d739bb94291aca58f006a072425a7': 1,
 '0xda13157f47929bced94ce06ef8cbef70328981fc': 1,
 '0xe01e6c27218765b9e0ef42546a2c0237bb4c54e2': 2,
 '0xe4f01a14c9496513ebc434d231ccfdf696e219eb': 7,
 '0xede25f41e2c28708be61b583cc9cb6771e113fbe': 6,
 '0xf8fb1b69aabd14fc11b96f4dc60bf51a35ba0897': 4,
 '0xfad4a2d4c72733e82124139e41161152771a4d9d': 1,
 '0xfe5563cd4a9528a472584ef49ed66faf4d484856': 4}
{"0xc92eb3f64444377b3d2d103b78d22e28e6b8d88a": 1, "0xd8de315eb7a00f4155d1ea9eb4eb6888ae715631": 7, "0xab5f6b2b24b5e7b8ee5218d534f0ff8cffd88d5c": 1, "0x67fa73cb67a4d961c0d14faf45483899192d8ac3": 4, "0x0fb437eb9617e62d56ef95181f0c9ba8ea782abd": 3, "0xd4f5685c1a4167420e78f9a406b5e21b5f6a9481": 8, "0x3aeedcd329e91e352d6c3d42c2b90d4e33a9e7d5": 1, "0x53d4298e9fd219759b8fbbc9ed04b99a8eca4889": 4, "0xede25f41e2c28708be61b583cc9cb6771e113fbe": 6, "0x109eaa8e64f3d20f9294b8a563148cf1e3e1b7b5": 7, "0xf8fb1b69aabd14fc11b96f4dc60bf51a35ba0897": 4, "0x07739dfc55e8643960c7cf987d9258c087cab976": 1, "0x7130f38655c04edb772a663b026caa5eaab42598": 1, "0x75203bc03125befff8aed3b9fd687d8818a8b2e1": 1, "0xa8a15e8d8061285758cbed91bb22cea46edf87d0": 10, "0xe01e6c27218765b9e0ef42546a2c0237bb4c54e2": 2, "0x1f0047ad5e5ba9963f9430b2306b6856aa5b9b15": 1, "0x78dda0b5bc5e270769bd43a3aa57f90276728edb": 1, "0x5f90ebc41c07089502a32d683480ea3fe2410d34": 2, "0x08c340f86f96b63e5c8d8b28a9e1eee750d3cf7b": 2, "0xfe5563cd4a9528a472584ef49ed66faf4d484856": 4, "0x948104e6c65cbdcf599ffc6cd49181bafd8a446e": 1, "0xd3cd1bce062483536b97c47221c165a9fe3b4716": 1, "0xfad4a2d4c72733e82124139e41161152771a4d9d": 1, "0xb432de8871c179b57850ee04144a70b76b897c37": 1, "0xe4f01a14c9496513ebc434d231ccfdf696e219eb": 7, "0x1c496ed78215eac4978f02cca335ff3a358e1f35": 1, "0xda13157f47929bced94ce06ef8cbef70328981fc": 1, "0xd8e3b302b03d739bb94291aca58f006a072425a7": 1, "0x7a75f008c92d94761ff156ef54d99133f3054be4": 6, "0x6e1c5acbabaf0b3c73d4412c17c40d2f1d2e183b": 1, "0x167d8b13698ffd8d6273532cdcbd0747e9f4cbb2": 3, "0xd6ebf9d4972c453b8ff653dcd1b138392ecd1a9c": 1, "0x15943e1951e0e3803cb62121315507fb5b054787": 1, "0x49d443d89da0712b1d608eeaedef2650ab8b2206": 1, "0x8bb820c251ac194ca770f9f0cdc12b76354e3de6": 1, "0x98d142a1039ff6384bbc07c6231708e14b24a96d": 1}
