0x05467836a6cb9fa2a52706db130f2cd3350d84dd : 1
0x05467836a6cb9fa2a52706db130f2cd3350d84dd : 2
0x05467836a6cb9fa2a52706db130f2cd3350d84dd : 3
0x0d413542e648034f704394646f5ffb12022fc8d5 : 4
0x0d413542e648034f704394646f5ffb12022fc8d5 : 5
0x0f4455e082b96fde25ceafc06d5a08d85b14a43a : 6
0x0f7f692bceb3255e344647aa0088abf08fd5f311 : 7
0x0fb437eb9617e62d56ef95181f0c9ba8ea782abd : 8
0x0fb437eb9617e62d56ef95181f0c9ba8ea782abd : 9
0x0fb437eb9617e62d56ef95181f0c9ba8ea782abd : 10
0x1242d7e7c5d3c453fb601a2cc9db06aac832b1ab : 11
0x13aff8dbeb98a8a90145668883b044c5edcd4d22 : 12
0x13aff8dbeb98a8a90145668883b044c5edcd4d22 : 13
0x167d8b13698ffd8d6273532cdcbd0747e9f4cbb2 : 14
0x167d8b13698ffd8d6273532cdcbd0747e9f4cbb2 : 15
0x189dd12ea4ea3d3e562882add73c6f0a23439999 : 16
0x1daf42373baf8c483aa8565a8584bc39ff4b58e2 : 17
0x1e31bd603ce6591d2bd64d13443169ec9ee99ab4 : 18
0x1f0047ad5e5ba9963f9430b2306b6856aa5b9b15 : 19
0x22ba795aa1223f0c8fae2932f16f4b1f8b573163 : 20
0x22ba795aa1223f0c8fae2932f16f4b1f8b573163 : 21
0x22ba795aa1223f0c8fae2932f16f4b1f8b573163 : 22
0x2dd4c1a081f3ce58217bf12edd297361b17b9c97 : 23
0x2dd4c1a081f3ce58217bf12edd297361b17b9c97 : 24
0x2dd4c1a081f3ce58217bf12edd297361b17b9c97 : 25
0x2f980b046509d8ff974ff34333a32c305429b01e : 26
0x2f980b046509d8ff974ff34333a32c305429b01e : 27
0x2f980b046509d8ff974ff34333a32c305429b01e : 28
0x3c2638dd1f80de379287dc171c27f2b5e56fc533 : 29
0x3c2638dd1f80de379287dc171c27f2b5e56fc533 : 30
0x3c2638dd1f80de379287dc171c27f2b5e56fc533 : 31
0x3d8f745e9c76b50ba9e43bf5a7ed80b5980272f8 : 32
0x3d8f745e9c76b50ba9e43bf5a7ed80b5980272f8 : 33
0x3d8f745e9c76b50ba9e43bf5a7ed80b5980272f8 : 34
0x466f92bb211d12794b5b0c78438864079e2cbfd5 : 35
0x466f92bb211d12794b5b0c78438864079e2cbfd5 : 36
0x466f92bb211d12794b5b0c78438864079e2cbfd5 : 37
0x466f92bb211d12794b5b0c78438864079e2cbfd5 : 38
0x468e68f95216fb8759406fc8a9bbee10498e9281 : 39
0x468e68f95216fb8759406fc8a9bbee10498e9281 : 40
0x468e68f95216fb8759406fc8a9bbee10498e9281 : 41
0x468e68f95216fb8759406fc8a9bbee10498e9281 : 42
0x53ffb1e7d0a4367227c7a5b7f4e25c68db8aaa31 : 43
0x5496c8a338419aff9a68a86d9a3585c62b9c9e1c : 44
0x555e0e1dabd9bdb568a1d1357dedcefc21c3e25f : 45
0x56729b3ece444f2e0a7a733d4c7f56d69cc0df0e : 46
0x56729b3ece444f2e0a7a733d4c7f56d69cc0df0e : 47
0x56729b3ece444f2e0a7a733d4c7f56d69cc0df0e : 48
0x56729b3ece444f2e0a7a733d4c7f56d69cc0df0e : 49
0x570cf55ab6e822e8fc7045a1aa5ee5d5d00484e8 : 50
0x5da53876a2b37b49ee42c34522c9fced42047658 : 51
0x5f90ebc41c07089502a32d683480ea3fe2410d34 : 52
0x5f90ebc41c07089502a32d683480ea3fe2410d34 : 53
0x5f90ebc41c07089502a32d683480ea3fe2410d34 : 54
0x66acda15d3c3ce3be3fe9c57b6f03e95229f4f9a : 55
0x66acda15d3c3ce3be3fe9c57b6f03e95229f4f9a : 56
0x66acda15d3c3ce3be3fe9c57b6f03e95229f4f9a : 57
0x66acda15d3c3ce3be3fe9c57b6f03e95229f4f9a : 58
0x67fa73cb67a4d961c0d14faf45483899192d8ac3 : 59
0x67fa73cb67a4d961c0d14faf45483899192d8ac3 : 60
0x67fa73cb67a4d961c0d14faf45483899192d8ac3 : 61
0x6dbe1cebf019ac24a1966762097f873d0df25738 : 62
0x6dbe1cebf019ac24a1966762097f873d0df25738 : 63
0x6dbe1cebf019ac24a1966762097f873d0df25738 : 64
0x7130f38655c04edb772a663b026caa5eaab42598 : 65
0x74e7063ee49e3210e256d72e9ffa8dba54a67039 : 66
0x74e7063ee49e3210e256d72e9ffa8dba54a67039 : 67
0x78dda0b5bc5e270769bd43a3aa57f90276728edb : 68
0x7a75f008c92d94761ff156ef54d99133f3054be4 : 69
0x7a75f008c92d94761ff156ef54d99133f3054be4 : 70
0x7a75f008c92d94761ff156ef54d99133f3054be4 : 71
0x7a892e2877fec2fc996560d496fee79707a685af : 72
0x7dd400917b8e737518af9a14eb1a415b1d2b98c4 : 73
0x7e4539fee52bf80790e503b4f8e1fa2802713480 : 74
0x7fc6588946e151bb8605ca470753d8ad31346a98 : 75
0x80716b040fb9bfa0af28a57b25a7d338827d77ed : 76
0x80716b040fb9bfa0af28a57b25a7d338827d77ed : 77
0x80716b040fb9bfa0af28a57b25a7d338827d77ed : 78
0x8a66dd55a077c3590387a1e226adc452564cba21 : 79
0x8a66dd55a077c3590387a1e226adc452564cba21 : 80
0x8a66dd55a077c3590387a1e226adc452564cba21 : 81
0x8bb820c251ac194ca770f9f0cdc12b76354e3de6 : 82
0x8bb820c251ac194ca770f9f0cdc12b76354e3de6 : 83
0x91ce179c24baeeb502fddbbff4cdb71aedffffae : 84
0x91ce179c24baeeb502fddbbff4cdb71aedffffae : 85
0x948104e6c65cbdcf599ffc6cd49181bafd8a446e : 86
0x948104e6c65cbdcf599ffc6cd49181bafd8a446e : 87
0x948104e6c65cbdcf599ffc6cd49181bafd8a446e : 88
0x96cc80292fa3a7045611eb84ae09df8bd15936d2 : 89
0x9820e0063af1be788b31d7906453149511e92e24 : 90
0x9992fc085d5b5fe8c62438d81ffa7903ed8343ad : 91
0x9992fc085d5b5fe8c62438d81ffa7903ed8343ad : 92
0x9992fc085d5b5fe8c62438d81ffa7903ed8343ad : 93
0x9992fc085d5b5fe8c62438d81ffa7903ed8343ad : 94
0x9b4a72c67215bdaeb6e14f101871824131787d20 : 95
0xaa90f1a29a8b15a89d9d58b5d4bb50a54a24be5e : 96
0xab5f6b2b24b5e7b8ee5218d534f0ff8cffd88d5c : 97
0xab5f6b2b24b5e7b8ee5218d534f0ff8cffd88d5c : 98
0xaf27ad88c944c3f322edffa802cfdbf9811b6bb8 : 99
0xaf27ad88c944c3f322edffa802cfdbf9811b6bb8 : 100
0xaf27ad88c944c3f322edffa802cfdbf9811b6bb8 : 101
0xaf27ad88c944c3f322edffa802cfdbf9811b6bb8 : 102
0xb2c9aa0dab5797ec17eb99c7006b8db224e916ba : 103
0xb2c9aa0dab5797ec17eb99c7006b8db224e916ba : 104
0xb2c9aa0dab5797ec17eb99c7006b8db224e916ba : 105
0xba0b50d71ed3c2b9aefd91fd304f3b49a28df40c : 106
0xba0b50d71ed3c2b9aefd91fd304f3b49a28df40c : 107
0xba0b50d71ed3c2b9aefd91fd304f3b49a28df40c : 108
0xbfdc403a22a073b36489aa0255784442ee8ba450 : 109
0xbfdc403a22a073b36489aa0255784442ee8ba450 : 110
0xbfdc403a22a073b36489aa0255784442ee8ba450 : 111
0xc4708a97009d5eabd3b06570c0de11061214c80f : 112
0xc4708a97009d5eabd3b06570c0de11061214c80f : 113
0xc4708a97009d5eabd3b06570c0de11061214c80f : 114
0xc4708a97009d5eabd3b06570c0de11061214c80f : 115
0xc4cf3cd0f841c6f5affa1b642166d157abd3d5d6 : 116
0xc4cf3cd0f841c6f5affa1b642166d157abd3d5d6 : 117
0xc4cf3cd0f841c6f5affa1b642166d157abd3d5d6 : 118
0xc6b3e413b3f7d2cb67191f806f8dfdb4a9d60ac7 : 119
0xc7e86ff1d8403e5fe1a9b2644f8935d6a328fa16 : 120
0xc92eb3f64444377b3d2d103b78d22e28e6b8d88a : 121
0xd3cd1bce062483536b97c47221c165a9fe3b4716 : 122
0xd5ba5cbd603df4d7006aadeb5c3828fe0f21e8fb : 123
0xd6ebf9d4972c453b8ff653dcd1b138392ecd1a9c : 124
0xd8de315eb7a00f4155d1ea9eb4eb6888ae715631 : 125
0xd8de315eb7a00f4155d1ea9eb4eb6888ae715631 : 126
0xd8de315eb7a00f4155d1ea9eb4eb6888ae715631 : 127
0xde10c4a242af497479816b2144c1d78838c7c796 : 128
0xe01e6c27218765b9e0ef42546a2c0237bb4c54e2 : 129
0xe01e6c27218765b9e0ef42546a2c0237bb4c54e2 : 130
0xe01e6c27218765b9e0ef42546a2c0237bb4c54e2 : 131
0xe442145711bf3c56452f0dcc730f3ad65ce230cc : 132
0xe442145711bf3c56452f0dcc730f3ad65ce230cc : 133
0xe7e2d3a9b6bf82efa164441f31dd017b24a21ec0 : 134
0xe9cbe0f9cbee09873b4dcf968a82e3ae6b9e7065 : 135
0xe9cbe0f9cbee09873b4dcf968a82e3ae6b9e7065 : 136
0xe9cbe0f9cbee09873b4dcf968a82e3ae6b9e7065 : 137
0xebd7b32d8994a1f360183e41071e384e8fbec3fe : 138
0xebd7b32d8994a1f360183e41071e384e8fbec3fe : 139
0xebd7b32d8994a1f360183e41071e384e8fbec3fe : 140
0xedd585b2ea9406eb769b09af53333a82f53af035 : 141
0xedd585b2ea9406eb769b09af53333a82f53af035 : 142
0xedd585b2ea9406eb769b09af53333a82f53af035 : 143
0xedd585b2ea9406eb769b09af53333a82f53af035 : 144
0xede25f41e2c28708be61b583cc9cb6771e113fbe : 145
0xefceb3fd8c93473ab6444514274f996d8393023c : 146
0xf03e063f62fd228cd25c026cfff7f032d7b75aab : 147
0xf8fb1b69aabd14fc11b96f4dc60bf51a35ba0897 : 148
0xfb6aba0267d236b85dd5ef81921d2ede69046de5 : 149
0xfec33dff5871971eaa32ca34fc3229f8f12c8b13 : 150
[115,
 7,
 60,
 19,
 107,
 24,
 46,
 100,
 6,
 117,
 130,
 111,
 14,
 61,
 30,
 49,
 95,
 36,
 87,
 134]
{'0x0f4455e082b96fde25ceafc06d5a08d85b14a43a': 1,
 '0x0f7f692bceb3255e344647aa0088abf08fd5f311': 1,
 '0x167d8b13698ffd8d6273532cdcbd0747e9f4cbb2': 1,
 '0x1f0047ad5e5ba9963f9430b2306b6856aa5b9b15': 1,
 '0x2dd4c1a081f3ce58217bf12edd297361b17b9c97': 1,
 '0x3c2638dd1f80de379287dc171c27f2b5e56fc533': 1,
 '0x466f92bb211d12794b5b0c78438864079e2cbfd5': 1,
 '0x56729b3ece444f2e0a7a733d4c7f56d69cc0df0e': 2,
 '0x67fa73cb67a4d961c0d14faf45483899192d8ac3': 2,
 '0x948104e6c65cbdcf599ffc6cd49181bafd8a446e': 1,
 '0x9b4a72c67215bdaeb6e14f101871824131787d20': 1,
 '0xaf27ad88c944c3f322edffa802cfdbf9811b6bb8': 1,
 '0xba0b50d71ed3c2b9aefd91fd304f3b49a28df40c': 1,
 '0xbfdc403a22a073b36489aa0255784442ee8ba450': 1,
 '0xc4708a97009d5eabd3b06570c0de11061214c80f': 1,
 '0xc4cf3cd0f841c6f5affa1b642166d157abd3d5d6': 1,
 '0xe01e6c27218765b9e0ef42546a2c0237bb4c54e2': 1,
 '0xe7e2d3a9b6bf82efa164441f31dd017b24a21ec0': 1}
